# JRE version: OpenJDK Runtime Environment (8.0_152-b01) (build 1.8.0_152-release-915-b01)
# Java VM: OpenJDK 64-Bit Server VM (25.152-b01 mixed mode windows-amd64 compressed oops)
Heap:
 PSYoungGen      total 249344K, used 39932K [0x00000000e0000000, 0x00000000f6c00000, 0x0000000100000000)
  eden space 228864K, 10% used [0x00000000e0000000,0x00000000e17d4290,0x00000000edf80000)
  from space 20480K, 75% used [0x00000000edf80000,0x00000000eeeab130,0x00000000ef380000)
  to   space 21504K, 0% used [0x00000000f5700000,0x00000000f5700000,0x00000000f6c00000)
 ParOldGen       total 131072K, used 33897K [0x00000000a0000000, 0x00000000a8000000, 0x00000000e0000000)
  object space 131072K, 25% used [0x00000000a0000000,0x00000000a211a720,0x00000000a8000000)
 Metaspace       used 67316K, capacity 70074K, committed 70232K, reserved 1110016K
  class space    used 8692K, capacity 9327K, committed 9344K, reserved 1048576K
GC Heap History (10 events):
Event: 59.302 GC heap before
{Heap before GC invocations=12 (full 2):
 PSYoungGen      total 184832K, used 109641K [0x00000000e0000000, 0x00000000ee300000, 0x0000000100000000)
  eden space 172032K, 56% used [0x00000000e0000000,0x00000000e5e968e0,0x00000000ea800000)
  from space 12800K, 99% used [0x00000000ea800000,0x00000000eb47bbd8,0x00000000eb480000)
  to   space 17920K, 0% used [0x00000000ed180000,0x00000000ed180000,0x00000000ee300000)
 ParOldGen       total 84992K, used 24516K [0x00000000a0000000, 0x00000000a5300000, 0x00000000e0000000)
  object space 84992K, 28% used [0x00000000a0000000,0x00000000a17f1170,0x00000000a5300000)
 Metaspace       used 56953K, capacity 58862K, committed 58968K, reserved 1099776K
  class space    used 7547K, capacity 8004K, committed 8064K, reserved 1048576K
Event: 59.387 GC heap after
Heap after GC invocations=12 (full 2):
 PSYoungGen      total 214016K, used 13549K [0x00000000e0000000, 0x00000000ef180000, 0x0000000100000000)
  eden space 196096K, 0% used [0x00000000e0000000,0x00000000e0000000,0x00000000ebf80000)
  from space 17920K, 75% used [0x00000000ed180000,0x00000000edebb798,0x00000000ee300000)
  to   space 18432K, 0% used [0x00000000ebf80000,0x00000000ebf80000,0x00000000ed180000)
 ParOldGen       total 84992K, used 30832K [0x00000000a0000000, 0x00000000a5300000, 0x00000000e0000000)
  object space 84992K, 36% used [0x00000000a0000000,0x00000000a1e1c068,0x00000000a5300000)
 Metaspace       used 56953K, capacity 58862K, committed 58968K, reserved 1099776K
  class space    used 7547K, capacity 8004K, committed 8064K, reserved 1048576K
}
Event: 59.387 GC heap before
{Heap before GC invocations=13 (full 3):
 PSYoungGen      total 214016K, used 13549K [0x00000000e0000000, 0x00000000ef180000, 0x0000000100000000)
  eden space 196096K, 0% used [0x00000000e0000000,0x00000000e0000000,0x00000000ebf80000)
  from space 17920K, 75% used [0x00000000ed180000,0x00000000edebb798,0x00000000ee300000)
  to   space 18432K, 0% used [0x00000000ebf80000,0x00000000ebf80000,0x00000000ed180000)
 ParOldGen       total 84992K, used 30832K [0x00000000a0000000, 0x00000000a5300000, 0x00000000e0000000)
  object space 84992K, 36% used [0x00000000a0000000,0x00000000a1e1c068,0x00000000a5300000)
 Metaspace       used 56953K, capacity 58862K, committed 58968K, reserved 1099776K
  class space    used 7547K, capacity 8004K, committed 8064K, reserved 1048576K
Event: 60.193 GC heap after
Heap after GC invocations=13 (full 3):
 PSYoungGen      total 214016K, used 0K [0x00000000e0000000, 0x00000000ef180000, 0x0000000100000000)
  eden space 196096K, 0% used [0x00000000e0000000,0x00000000e0000000,0x00000000ebf80000)
  from space 17920K, 0% used [0x00000000ed180000,0x00000000ed180000,0x00000000ee300000)
  to   space 18432K, 0% used [0x00000000ebf80000,0x00000000ebf80000,0x00000000ed180000)
 ParOldGen       total 131072K, used 33104K [0x00000000a0000000, 0x00000000a8000000, 0x00000000e0000000)
  object space 131072K, 25% used [0x00000000a0000000,0x00000000a2054040,0x00000000a8000000)
 Metaspace       used 56953K, capacity 58862K, committed 58968K, reserved 1099776K
  class space    used 7547K, capacity 8004K, committed 8064K, reserved 1048576K
}
Event: 632.660 GC heap before
{Heap before GC invocations=14 (full 3):
 PSYoungGen      total 214016K, used 196096K [0x00000000e0000000, 0x00000000ef180000, 0x0000000100000000)
  eden space 196096K, 100% used [0x00000000e0000000,0x00000000ebf80000,0x00000000ebf80000)
  from space 17920K, 0% used [0x00000000ed180000,0x00000000ed180000,0x00000000ee300000)
  to   space 18432K, 0% used [0x00000000ebf80000,0x00000000ebf80000,0x00000000ed180000)
 ParOldGen       total 131072K, used 33104K [0x00000000a0000000, 0x00000000a8000000, 0x00000000e0000000)
  object space 131072K, 25% used [0x00000000a0000000,0x00000000a2054040,0x00000000a8000000)
 Metaspace       used 60237K, capacity 62568K, committed 62680K, reserved 1103872K
  class space    used 7856K, capacity 8414K, committed 8448K, reserved 1048576K
Event: 632.711 GC heap after
Heap after GC invocations=14 (full 3):
 PSYoungGen      total 214528K, used 8144K [0x00000000e0000000, 0x00000000f0500000, 0x0000000100000000)
  eden space 196096K, 0% used [0x00000000e0000000,0x00000000e0000000,0x00000000ebf80000)
  from space 18432K, 44% used [0x00000000ebf80000,0x00000000ec7740f0,0x00000000ed180000)
  to   space 17920K, 0% used [0x00000000ef380000,0x00000000ef380000,0x00000000f0500000)
 ParOldGen       total 131072K, used 33112K [0x00000000a0000000, 0x00000000a8000000, 0x00000000e0000000)
  object space 131072K, 25% used [0x00000000a0000000,0x00000000a2056040,0x00000000a8000000)
 Metaspace       used 60237K, capacity 62568K, committed 62680K, reserved 1103872K
  class space    used 7856K, capacity 8414K, committed 8448K, reserved 1048576K
}
Event: 647.820 GC heap before
{Heap before GC invocations=15 (full 3):
 PSYoungGen      total 214528K, used 203413K [0x00000000e0000000, 0x00000000f0500000, 0x0000000100000000)
  eden space 196096K, 99% used [0x00000000e0000000,0x00000000ebeb1530,0x00000000ebf80000)
  from space 18432K, 44% used [0x00000000ebf80000,0x00000000ec7740f0,0x00000000ed180000)
  to   space 17920K, 0% used [0x00000000ef380000,0x00000000ef380000,0x00000000f0500000)
 ParOldGen       total 131072K, used 33112K [0x00000000a0000000, 0x00000000a8000000, 0x00000000e0000000)
  object space 131072K, 25% used [0x00000000a0000000,0x00000000a2056040,0x00000000a8000000)
 Metaspace       used 66948K, capacity 69646K, committed 69976K, reserved 1110016K
  class space    used 8634K, capacity 9265K, committed 9344K, reserved 1048576K
Event: 647.907 GC heap after
Heap after GC invocations=15 (full 3):
 PSYoungGen      total 246784K, used 17892K [0x00000000e0000000, 0x00000000f0800000, 0x0000000100000000)
  eden space 228864K, 0% used [0x00000000e0000000,0x00000000e0000000,0x00000000edf80000)
  from space 17920K, 99% used [0x00000000ef380000,0x00000000f04f93c0,0x00000000f0500000)
  to   space 20480K, 0% used [0x00000000edf80000,0x00000000edf80000,0x00000000ef380000)
 ParOldGen       total 131072K, used 33889K [0x00000000a0000000, 0x00000000a8000000, 0x00000000e0000000)
  object space 131072K, 25% used [0x00000000a0000000,0x00000000a2118720,0x00000000a8000000)
 Metaspace       used 66948K, capacity 69646K, committed 69976K, reserved 1110016K
  class space    used 8634K, capacity 9265K, committed 9344K, reserved 1048576K
}
Event: 648.109 GC heap before
{Heap before GC invocations=16 (full 3):
 PSYoungGen      total 246784K, used 246061K [0x00000000e0000000, 0x00000000f0800000, 0x0000000100000000)
  eden space 228864K, 99% used [0x00000000e0000000,0x00000000eded2320,0x00000000edf80000)
  from space 17920K, 99% used [0x00000000ef380000,0x00000000f04f93c0,0x00000000f0500000)
  to   space 20480K, 0% used [0x00000000edf80000,0x00000000edf80000,0x00000000ef380000)
 ParOldGen       total 131072K, used 33889K [0x00000000a0000000, 0x00000000a8000000, 0x00000000e0000000)
  object space 131072K, 25% used [0x00000000a0000000,0x00000000a2118720,0x00000000a8000000)
 Metaspace       used 66961K, capacity 69710K, committed 69976K, reserved 1110016K
  class space    used 8634K, capacity 9265K, committed 9344K, reserved 1048576K
Event: 648.162 GC heap after
Heap after GC invocations=16 (full 3):
 PSYoungGen      total 249344K, used 15532K [0x00000000e0000000, 0x00000000f6c00000, 0x0000000100000000)
  eden space 228864K, 0% used [0x00000000e0000000,0x00000000e0000000,0x00000000edf80000)
  from space 20480K, 75% used [0x00000000edf80000,0x00000000eeeab130,0x00000000ef380000)
  to   space 21504K, 0% used [0x00000000f5700000,0x00000000f5700000,0x00000000f6c00000)
 ParOldGen       total 131072K, used 33897K [0x00000000a0000000, 0x00000000a8000000, 0x00000000e0000000)
  object space 131072K, 25% used [0x00000000a0000000,0x00000000a211a720,0x00000000a8000000)
 Metaspace       used 66961K, capacity 69710K, committed 69976K, reserved 1110016K
  class space    used 8634K, capacity 9265K, committed 9344K, reserved 1048576K
}

